TN:
SF:src\App.test.tsx
FNF:0
FNH:0
DA:1,1
DA:2,1
DA:3,1
DA:5,1
DA:6,1
DA:7,1
DA:8,1
DA:9,1
DA:11,1
DA:12,1
DA:13,1
DA:14,1
DA:16,1
DA:17,1
DA:18,1
DA:19,1
DA:20,1
LF:17
LH:17
BRDA:5,0,0,1
BRDA:6,1,0,1
BRDA:11,2,0,1
BRDA:16,3,0,1
BRF:4
BRH:4
end_of_record
TN:
SF:src\App.tsx
FN:5,Nav
FN:29,App
FNF:2
FNH:2
FNDA:3,Nav
FNDA:3,App
DA:1,1
DA:2,1
DA:3,1
DA:5,3
DA:6,3
DA:7,3
DA:8,3
DA:9,3
DA:10,3
DA:11,3
DA:12,3
DA:13,3
DA:14,3
DA:16,3
DA:17,3
DA:18,3
DA:19,3
DA:20,3
DA:21,3
DA:22,3
DA:24,3
DA:25,3
DA:27,3
DA:29,3
DA:30,3
DA:31,3
DA:32,3
DA:33,3
DA:34,3
DA:35,3
DA:36,3
DA:37,3
DA:38,3
DA:39,3
DA:40,3
DA:41,3
DA:42,3
DA:43,3
DA:44,3
DA:46,3
DA:48,1
LF:41
LH:41
BRDA:5,0,0,3
BRDA:12,1,0,0
BRDA:20,2,0,0
BRDA:29,3,0,3
BRF:4
BRH:2
end_of_record
TN:
SF:src\components\BatteryGauge.test.tsx
FNF:0
FNH:0
DA:1,1
DA:2,1
DA:3,1
DA:5,1
DA:6,1
DA:7,1
DA:8,1
DA:9,1
DA:11,1
DA:12,1
DA:13,1
DA:14,1
DA:16,1
DA:17,1
DA:18,1
DA:19,1
DA:20,1
DA:22,1
DA:23,1
DA:24,1
DA:25,1
DA:26,1
DA:28,1
DA:29,1
DA:30,1
DA:31,1
DA:33,1
DA:34,1
DA:35,1
DA:36,1
DA:37,1
DA:39,1
DA:40,1
DA:41,1
DA:42,1
DA:43,1
DA:45,1
DA:46,1
DA:47,1
DA:48,1
DA:49,1
LF:41
LH:41
BRDA:5,0,0,1
BRDA:6,1,0,1
BRDA:11,2,0,1
BRDA:16,3,0,1
BRDA:22,4,0,1
BRDA:28,5,0,1
BRDA:33,6,0,1
BRDA:39,7,0,1
BRDA:45,8,0,1
BRF:9
BRH:9
end_of_record
TN:
SF:src\components\BatteryGauge.tsx
FN:7,BatteryGauge
FNF:1
FNH:1
FNDA:57,BatteryGauge
DA:1,1
DA:7,1
DA:8,57
DA:9,57
DA:10,57
DA:11,57
DA:12,57
DA:13,57
DA:14,57
DA:16,57
DA:17,57
DA:18,57
DA:19,57
DA:20,57
DA:21,57
DA:23,57
DA:24,57
DA:25,57
DA:26,57
DA:27,57
DA:28,57
DA:29,57
DA:30,57
DA:31,57
DA:32,57
DA:33,57
DA:34,57
DA:35,57
DA:36,57
DA:37,57
DA:38,57
DA:39,57
DA:40,57
DA:41,57
DA:42,57
DA:43,57
DA:44,57
DA:45,57
DA:46,57
DA:47,57
DA:48,57
DA:49,57
DA:51,57
LF:43
LH:43
BRDA:7,0,0,57
BRDA:13,1,0,56
BRDA:14,2,0,1
BRDA:14,3,0,56
BRDA:14,4,0,1
BRDA:14,5,0,55
BRF:6
BRH:6
end_of_record
TN:
SF:src\components\MowerMap.test.tsx
FN:47,getZoom
FNF:1
FNH:1
FNDA:4,getZoom
DA:1,1
DA:2,1
DA:6,1
DA:7,1
DA:8,1
DA:9,1
DA:42,1
DA:43,1
DA:44,9
DA:45,9
DA:46,9
DA:47,9
DA:48,9
DA:49,1
DA:51,1
DA:52,1
DA:53,1
DA:54,1
DA:56,1
DA:57,1
DA:58,1
DA:59,1
DA:60,1
DA:61,1
DA:62,1
DA:63,1
DA:64,1
DA:66,1
DA:67,1
DA:68,1
DA:69,1
DA:70,1
DA:71,1
DA:73,1
DA:74,1
DA:75,1
DA:76,1
DA:77,1
DA:78,1
DA:79,1
DA:80,1
DA:82,1
DA:83,1
DA:84,1
DA:85,1
DA:86,1
DA:88,1
DA:89,1
DA:90,1
DA:91,1
DA:92,1
DA:93,1
DA:94,1
DA:95,1
DA:96,1
DA:97,1
DA:98,1
DA:99,1
DA:100,1
DA:102,1
DA:103,1
DA:104,1
DA:105,1
DA:106,1
DA:107,1
DA:108,1
DA:110,1
DA:111,1
DA:112,1
DA:113,1
DA:114,1
DA:115,1
DA:116,1
DA:118,1
DA:119,1
DA:120,1
DA:121,1
DA:122,1
DA:123,1
DA:124,1
LF:80
LH:80
BRDA:6,0,0,4
BRDA:7,1,0,4
BRDA:8,2,0,9
BRDA:42,3,0,1
BRDA:43,4,0,9
BRDA:47,5,0,4
BRDA:51,6,0,1
BRDA:56,7,0,1
BRDA:66,8,0,1
BRDA:69,9,0,0
BRDA:73,10,0,1
BRDA:78,11,0,0
BRDA:82,12,0,1
BRDA:88,13,0,1
BRDA:102,14,0,1
BRDA:110,15,0,1
BRDA:118,16,0,1
BRF:17
BRH:15
end_of_record
TN:
SF:src\components\MowerMap.tsx
FN:28,MapCenterUpdater
FN:36,MowerMap
FNF:2
FNH:2
FNDA:12,MapCenterUpdater
FNDA:15,MowerMap
DA:1,1
DA:8,1
DA:9,1
DA:12,1
DA:13,1
DA:14,1
DA:15,1
DA:16,1
DA:17,1
DA:18,1
DA:19,1
DA:28,12
DA:29,12
DA:30,12
DA:31,7
DA:32,7
DA:33,12
DA:34,12
DA:36,1
DA:37,15
DA:38,10
DA:39,5
DA:41,15
DA:42,15
DA:43,15
DA:44,15
DA:45,15
DA:46,15
DA:47,15
DA:49,15
DA:50,15
DA:51,15
DA:52,15
DA:53,15
DA:54,15
DA:55,10
DA:56,10
DA:57,10
DA:59,15
DA:60,15
DA:62,15
LF:41
LH:41
BRDA:28,0,0,12
BRDA:30,1,0,7
BRDA:36,2,0,15
BRDA:37,3,0,10
BRDA:38,4,0,5
BRDA:54,5,0,10
BRF:6
BRH:6
end_of_record
TN:
SF:src\components\StatusIndicators.test.tsx
FNF:0
FNH:0
DA:1,1
DA:2,1
DA:3,1
DA:5,1
DA:6,1
DA:7,1
DA:8,1
DA:9,1
DA:11,1
DA:12,1
DA:13,1
DA:14,1
DA:16,1
DA:17,1
DA:18,1
DA:19,1
DA:21,1
DA:22,1
DA:23,1
DA:24,1
DA:26,1
DA:27,1
DA:28,1
DA:29,1
DA:31,1
DA:32,1
DA:33,1
DA:34,1
DA:36,1
DA:37,1
DA:38,1
DA:39,1
DA:41,1
DA:42,1
DA:43,1
DA:44,1
DA:45,1
DA:46,1
DA:48,1
DA:49,1
DA:50,1
DA:51,1
DA:53,1
DA:54,1
DA:55,1
DA:56,1
DA:57,1
LF:47
LH:47
BRDA:5,0,0,1
BRDA:6,1,0,1
BRDA:11,2,0,1
BRDA:16,3,0,1
BRDA:21,4,0,1
BRDA:26,5,0,1
BRDA:31,6,0,1
BRDA:36,7,0,1
BRDA:41,8,0,1
BRDA:48,9,0,1
BRDA:53,10,0,1
BRF:11
BRH:11
end_of_record
TN:
SF:src\components\StatusIndicators.tsx
FN:9,StatusIndicators
FNF:1
FNH:1
FNDA:59,StatusIndicators
DA:1,1
DA:9,1
DA:10,59
DA:11,59
DA:12,59
DA:13,59
DA:14,59
DA:15,59
DA:16,59
DA:17,59
DA:18,59
DA:19,59
DA:20,59
DA:21,59
DA:22,59
DA:23,59
DA:24,59
DA:25,59
DA:26,59
DA:27,59
DA:28,59
DA:29,2
DA:30,57
DA:31,1
DA:32,56
DA:33,59
DA:35,59
DA:36,59
DA:37,59
DA:38,59
DA:39,59
DA:40,59
DA:41,59
DA:42,59
DA:43,59
DA:44,59
DA:46,59
LF:37
LH:37
BRDA:9,0,0,59
BRDA:15,1,0,8
BRDA:15,2,0,51
BRDA:21,3,0,8
BRDA:21,4,0,51
BRDA:28,5,0,2
BRDA:29,6,0,57
BRDA:30,7,0,1
BRDA:31,8,0,56
BRF:9
BRH:9
end_of_record
TN:
SF:src\lib\geoUtils.test.ts
FNF:0
FNH:0
DA:1,1
DA:9,1
DA:11,1
DA:12,1
DA:13,1
DA:14,1
DA:16,1
DA:17,1
DA:18,1
DA:19,1
DA:20,1
DA:22,1
DA:23,1
DA:24,1
DA:25,1
DA:26,1
DA:28,1
DA:29,1
DA:30,1
DA:31,1
DA:32,1
DA:33,1
DA:35,1
DA:36,1
DA:37,1
DA:38,1
DA:39,1
DA:41,1
DA:42,1
DA:43,1
DA:44,1
DA:45,1
DA:46,1
DA:48,1
DA:49,1
DA:50,1
DA:51,1
DA:52,1
DA:54,1
DA:55,1
DA:56,1
DA:57,1
DA:58,1
DA:59,1
DA:60,1
DA:61,1
DA:63,1
DA:64,1
DA:65,1
DA:66,1
DA:67,1
DA:69,1
DA:70,1
DA:71,1
DA:72,1
DA:74,1
DA:75,1
DA:76,1
DA:78,1
DA:79,1
DA:80,1
DA:81,1
DA:82,1
DA:83,1
DA:84,1
DA:85,1
DA:86,1
DA:88,1
DA:89,1
DA:90,1
DA:91,1
DA:92,1
DA:93,1
DA:94,1
DA:95,1
DA:96,1
DA:97,1
DA:98,1
DA:99,1
DA:100,1
DA:102,1
DA:103,1
DA:104,1
DA:105,1
DA:106,1
DA:108,1
DA:109,1
DA:110,1
DA:111,1
DA:112,1
DA:114,1
DA:115,1
DA:116,1
DA:117,1
DA:118,1
DA:119,1
DA:120,1
DA:121,1
DA:123,1
DA:124,1
DA:125,1
DA:126,1
DA:127,1
DA:128,1
DA:129,1
DA:130,1
DA:131,1
DA:132,1
DA:133,1
DA:135,1
DA:136,1
DA:137,1
DA:138,1
DA:139,1
DA:140,1
DA:141,1
DA:142,1
DA:143,1
DA:145,1
DA:146,1
DA:147,1
DA:148,1
DA:149,1
DA:150,1
DA:151,1
DA:152,1
DA:154,1
DA:155,1
DA:156,1
DA:157,1
DA:158,1
DA:159,1
DA:160,1
DA:161,1
DA:162,1
DA:164,1
DA:165,1
DA:166,1
DA:167,1
DA:168,1
DA:169,1
DA:170,1
DA:171,1
DA:172,1
DA:173,1
DA:174,1
DA:175,1
DA:176,1
DA:177,1
DA:178,1
DA:179,1
DA:180,1
DA:182,1
DA:183,1
DA:184,1
DA:185,1
DA:186,1
DA:187,1
DA:188,1
DA:189,1
DA:190,1
DA:191,1
LF:162
LH:162
BRDA:11,0,0,1
BRDA:12,1,0,1
BRDA:16,2,0,1
BRDA:22,3,0,1
BRDA:28,4,0,1
BRDA:35,5,0,1
BRDA:36,6,0,1
BRDA:41,7,0,1
BRDA:42,8,0,1
BRDA:48,9,0,1
BRDA:54,10,0,1
BRDA:63,11,0,1
BRDA:69,12,0,1
BRDA:70,13,0,1
BRDA:74,14,0,1
BRDA:78,15,0,1
BRDA:88,16,0,1
BRDA:102,17,0,1
BRDA:103,18,0,1
BRDA:108,19,0,1
BRDA:114,20,0,1
BRDA:123,21,0,1
BRDA:135,22,0,1
BRDA:145,23,0,1
BRDA:154,24,0,1
BRDA:164,25,0,1
BRDA:182,26,0,1
BRF:27
BRH:27
end_of_record
TN:
SF:src\lib\geoUtils.ts
FN:9,haversineMeters
FN:30,shouldAddPoint
FN:47,pathLengthMeters
FN:62,positionAlongPath
FNF:4
FNH:4
FNDA:102,haversineMeters
FNDA:8,shouldAddPoint
FNDA:35,pathLengthMeters
FNDA:25,positionAlongPath
DA:6,1
DA:9,1
DA:10,102
DA:11,102
DA:12,102
DA:13,102
DA:14,102
DA:15,102
DA:16,102
DA:17,102
DA:18,102
DA:19,102
DA:20,102
DA:21,102
DA:22,102
DA:23,102
DA:24,102
DA:27,1
DA:30,1
DA:31,8
DA:32,8
DA:33,8
DA:34,8
DA:35,8
DA:36,8
DA:37,8
DA:38,8
DA:47,1
DA:48,35
DA:49,33
DA:50,35
DA:51,52
DA:52,52
DA:53,52
DA:54,52
DA:55,52
DA:56,52
DA:57,52
DA:58,33
DA:59,33
DA:62,1
DA:63,25
DA:64,25
DA:65,25
DA:66,25
DA:67,25
DA:68,25
DA:69,19
DA:70,25
DA:71,26
DA:72,26
DA:73,26
DA:74,26
DA:75,26
DA:76,26
DA:77,26
DA:78,18
DA:79,18
DA:80,18
DA:81,18
DA:82,18
DA:83,18
DA:84,8
DA:85,8
DA:86,1
DA:87,1
DA:88,1
LF:67
LH:67
BRDA:9,0,0,102
BRDA:30,1,0,8
BRDA:47,2,0,35
BRDA:48,3,0,2
BRDA:48,4,0,33
BRDA:50,5,0,52
BRDA:57,6,0,33
BRDA:62,7,0,25
BRDA:66,8,0,2
BRDA:66,9,0,23
BRDA:67,10,0,21
BRDA:68,11,0,4
BRDA:68,12,0,19
BRDA:70,13,0,26
BRDA:77,14,0,18
BRDA:78,15,0,0
BRDA:83,16,0,8
BRDA:85,17,0,1
BRF:18
BRH:17
end_of_record
TN:
SF:src\lib\pathGeneration.test.ts
FNF:0
FNH:0
DA:1,1
DA:5,1
DA:9,1
DA:10,1
DA:11,1
DA:12,1
DA:13,1
DA:14,1
DA:17,1
DA:18,1
DA:19,1
DA:20,1
DA:21,1
DA:22,1
DA:25,1
DA:26,1
DA:27,1
DA:28,1
DA:29,1
DA:32,1
DA:33,1
DA:34,1
DA:35,1
DA:36,1
DA:38,1
DA:39,1
DA:40,1
DA:41,1
DA:42,1
DA:43,1
DA:44,1
DA:45,1
DA:46,1
DA:47,1
DA:48,1
DA:50,1
DA:51,1
DA:52,1
DA:53,1
DA:55,1
DA:56,1
DA:57,1
DA:58,1
DA:59,352
DA:60,352
DA:61,352
DA:62,352
DA:63,1
DA:64,1
DA:66,1
DA:67,1
DA:68,1
DA:69,1
DA:70,92576
DA:71,92576
DA:72,1
DA:73,1
DA:75,1
DA:76,1
DA:77,1
DA:78,1
DA:79,357
DA:80,357
DA:81,1
DA:82,1
DA:84,1
DA:85,1
DA:86,1
DA:87,1
DA:88,60
DA:89,60
DA:90,1
DA:91,1
DA:93,1
DA:94,1
DA:95,1
DA:96,1
DA:98,1
DA:99,1
DA:100,1
DA:101,1
DA:102,1
DA:103,1
DA:104,1
DA:105,1
DA:106,1
DA:107,1
DA:108,1
DA:109,352
DA:110,352
DA:111,1
DA:112,1
DA:113,352
DA:114,352
DA:115,1
DA:116,1
DA:117,1
DA:119,1
DA:120,1
DA:121,1
DA:122,1
DA:123,1
DA:124,1
DA:125,1
DA:126,1
DA:127,1
DA:128,1
DA:129,1
DA:130,1
DA:131,1
DA:132,1
DA:133,1
DA:135,1
DA:136,1
DA:137,1
DA:139,1
DA:140,1
DA:141,1
DA:142,1
DA:143,1
DA:144,1
DA:145,1
DA:146,1
DA:147,1
DA:148,1
DA:149,1
DA:150,1
DA:151,2
DA:152,2
DA:153,2
DA:154,2
DA:155,1
DA:156,1
DA:158,1
DA:159,1
DA:160,1
DA:161,1
DA:162,1
DA:163,1
DA:164,1
DA:165,1
DA:166,1
DA:167,1
DA:168,1
DA:169,1
DA:170,1
DA:171,1
DA:172,1
DA:173,1
DA:174,1
DA:175,1
DA:176,1
DA:177,1
DA:178,2
DA:179,2
DA:180,2
DA:181,2
DA:182,1
DA:183,1
DA:184,1
DA:186,1
DA:187,1
DA:188,1
DA:189,1
DA:190,1
DA:192,1
DA:193,1
DA:194,1
DA:195,1
DA:196,1
DA:197,1
DA:198,1
DA:199,1
DA:200,1
DA:201,1
DA:203,1
DA:204,1
DA:205,1
DA:206,1
DA:207,1
DA:208,1
DA:210,1
DA:211,1
DA:212,1
DA:213,1
DA:215,1
DA:217,1
DA:218,1
DA:219,1
DA:220,352
DA:221,352
DA:222,1
DA:223,1
DA:225,1
DA:227,1
DA:228,1
DA:229,1
DA:230,1
LF:198
LH:198
BRDA:38,0,0,1
BRDA:39,1,0,1
BRDA:50,2,0,1
BRDA:55,3,0,1
BRDA:58,4,0,352
BRDA:66,5,0,1
BRDA:69,6,0,92576
BRDA:75,7,0,1
BRDA:78,8,0,357
BRDA:84,9,0,1
BRDA:87,10,0,60
BRDA:93,11,0,1
BRDA:98,12,0,1
BRDA:100,13,0,352
BRDA:101,14,0,352
BRDA:102,15,0,4
BRDA:103,16,0,4
BRDA:104,17,0,4
BRDA:105,18,0,4
BRDA:108,19,0,352
BRDA:112,20,0,352
BRDA:119,21,0,1
BRDA:120,22,0,1
BRDA:135,23,0,1
BRDA:139,24,0,1
BRDA:146,25,0,4
BRDA:147,26,0,4
BRDA:148,27,0,4
BRDA:149,28,0,4
BRDA:150,29,0,2
BRDA:158,30,0,1
BRDA:165,31,0,4
BRDA:166,32,0,4
BRDA:167,33,0,4
BRDA:168,34,0,4
BRDA:177,35,0,2
BRDA:186,36,0,1
BRDA:187,37,0,1
BRDA:192,38,0,1
BRDA:203,39,0,1
BRDA:210,40,0,1
BRDA:215,41,0,1
BRDA:219,42,0,352
BRDA:225,43,0,1
BRF:44
BRH:44
end_of_record
TN:
SF:src\lib\pathGeneration.ts
FN:29,getBounds
FN:40,getInsetBounds
FN:62,clampPathToBounds
FN:82,getBoundaryFrame
FN:118,getStepV
FN:129,uvToLatLng
FN:143,intersectLineV
FN:168,stripesParallelToBoundary
FN:195,perimeterThenStripesParallel
FN:202,spiralParallelToBoundary
FN:231,stripesInBounds
FN:255,spiralInBounds
FN:282,perimeterThenStripes
FN:298,randomInBounds
FN:315,generatePathForPattern
FN:377,clampPathToBoundary
FNF:16
FNH:16
FNDA:17,getBounds
FNDA:21,getInsetBounds
FNDA:15,clampPathToBounds
FNDA:20,getBoundaryFrame
FNDA:7,getStepV
FNDA:110591,uvToLatLng
FNDA:880,intersectLineV
FNDA:5,stripesParallelToBoundary
FNDA:2,perimeterThenStripesParallel
FNDA:2,spiralParallelToBoundary
FNDA:3,stripesInBounds
FNDA:1,spiralInBounds
FNDA:1,perimeterThenStripes
FNDA:2,randomInBounds
FNDA:18,generatePathForPattern
FNDA:6,clampPathToBoundary
DA:5,1
DA:7,1
DA:10,1
DA:11,1
DA:12,1
DA:13,1
DA:14,1
DA:15,1
DA:29,17
DA:30,17
DA:31,17
DA:32,17
DA:33,17
DA:34,17
DA:35,17
DA:36,17
DA:37,17
DA:38,17
DA:40,21
DA:41,21
DA:42,21
DA:43,21
DA:44,21
DA:45,21
DA:46,21
DA:47,21
DA:48,21
DA:49,21
DA:50,21
DA:51,21
DA:52,21
DA:53,21
DA:54,21
DA:55,21
DA:56,21
DA:57,21
DA:58,21
DA:59,21
DA:60,21
DA:62,15
DA:63,15
DA:64,15
DA:65,15
DA:66,15
DA:67,15
DA:68,15
DA:69,15
DA:70,15
DA:71,15
DA:72,15
DA:73,15
DA:74,15
DA:75,15
DA:76,185322
DA:77,185322
DA:78,15
DA:79,15
DA:82,20
DA:83,20
DA:84,20
DA:85,20
DA:86,20
DA:87,20
DA:88,20
DA:89,20
DA:90,20
DA:91,20
DA:92,20
DA:93,20
DA:94,20
DA:95,15
DA:96,15
DA:97,15
DA:98,15
DA:99,15
DA:100,60
DA:101,60
DA:102,15
DA:103,15
DA:104,15
DA:105,15
DA:106,15
DA:107,15
DA:108,15
DA:109,15
DA:110,15
DA:111,15
DA:112,15
DA:113,15
DA:114,15
DA:115,15
DA:118,7
DA:119,7
DA:120,7
DA:121,7
DA:122,7
DA:123,7
DA:124,7
DA:125,7
DA:126,7
DA:129,110591
DA:130,110591
DA:131,110591
DA:132,110591
DA:133,110591
DA:134,110591
DA:135,110591
DA:136,110591
DA:137,110591
DA:138,110591
DA:139,110591
DA:140,110591
DA:143,880
DA:144,880
DA:145,880
DA:146,880
DA:147,880
DA:148,880
DA:149,3520
DA:150,3520
DA:151,3520
DA:152,3520
DA:153,1760
DA:154,5
DA:155,5
DA:156,1760
DA:157,1760
DA:158,1760
DA:159,3520
DA:160,1760
DA:161,1760
DA:162,3520
DA:163,880
DA:164,880
DA:165,880
DA:168,5
DA:169,5
DA:170,5
DA:171,5
DA:172,5
DA:173,5
DA:174,5
DA:175,5
DA:176,5
DA:177,880
DA:178,880
DA:179,880
DA:180,880
DA:181,440
DA:182,440
DA:183,440
DA:184,440
DA:185,440
DA:186,440
DA:187,880
DA:188,880
DA:189,880
DA:190,880
DA:191,5
DA:192,5
DA:195,2
DA:196,2
DA:197,2
DA:198,2
DA:199,2
DA:202,2
DA:203,2
DA:204,2
DA:205,2
DA:206,2
DA:207,2
DA:208,2
DA:209,2
DA:210,2
DA:211,2
DA:212,2
DA:213,131
DA:214,131
DA:215,131
DA:216,131
DA:217,131
DA:218,131
DA:219,131
DA:220,131
DA:221,131
DA:222,131
DA:223,131
DA:224,129
DA:225,131
DA:226,129
DA:227,129
DA:228,2
DA:229,2
DA:231,3
DA:232,3
DA:233,3
DA:234,3
DA:235,3
DA:236,3
DA:237,3
DA:238,3
DA:239,3
DA:240,3
DA:241,3
DA:242,444
DA:243,222
DA:244,222
DA:245,222
DA:246,222
DA:247,222
DA:248,222
DA:249,444
DA:250,444
DA:251,444
DA:252,3
DA:253,3
DA:255,1
DA:256,1
DA:257,1
DA:258,1
DA:259,1
DA:260,1
DA:261,1
DA:262,1
DA:263,1
DA:264,1
DA:265,1
DA:266,1
DA:267,1
DA:268,74
DA:269,74
DA:270,74
DA:271,74
DA:272,74
DA:273,74
DA:274,74
DA:275,74
DA:276,74
DA:277,73
DA:278,73
DA:279,1
DA:280,1
DA:282,1
DA:283,1
DA:284,1
DA:285,1
DA:286,1
DA:287,1
DA:288,1
DA:289,1
DA:290,1
DA:291,1
DA:292,1
DA:293,1
DA:294,1
DA:295,1
DA:296,1
DA:298,2
DA:299,2
DA:300,2
DA:301,2
DA:302,2
DA:303,2
DA:304,2
DA:305,2
DA:306,2
DA:307,120
DA:308,120
DA:309,120
DA:310,120
DA:311,120
DA:312,2
DA:313,2
DA:315,1
DA:316,18
DA:317,18
DA:318,18
DA:319,18
DA:320,15
DA:321,15
DA:322,15
DA:323,18
DA:325,13
DA:326,13
DA:328,18
DA:329,8
DA:330,8
DA:331,2
DA:332,2
DA:333,8
DA:334,2
DA:335,2
DA:336,8
DA:337,2
DA:338,2
DA:339,8
DA:340,1
DA:341,1
DA:342,1
DA:343,1
DA:344,1
DA:345,1
DA:346,1
DA:347,1
DA:348,1
DA:349,8
DA:350,1
DA:351,8
DA:352,18
DA:353,5
DA:354,5
DA:355,5
DA:356,5
DA:357,1
DA:358,1
DA:359,5
DA:360,1
DA:361,1
DA:362,5
DA:363,1
DA:364,1
DA:365,5
DA:366,1
DA:367,1
DA:368,5
DA:369,1
DA:370,5
DA:371,5
DA:373,13
DA:374,13
DA:377,1
DA:378,6
DA:379,6
DA:380,6
DA:381,6
DA:382,2
DA:383,2
DA:384,2
LF:338
LH:338
BRDA:29,0,0,17
BRDA:30,1,0,66
BRDA:31,2,0,66
BRDA:40,3,0,21
BRDA:62,4,0,15
BRDA:75,5,0,185322
BRDA:82,6,0,20
BRDA:83,7,0,0
BRDA:94,8,0,5
BRDA:94,9,0,15
BRDA:86,10,0,80
BRDA:87,11,0,80
BRDA:99,12,0,60
BRDA:103,13,0,60
BRDA:104,14,0,60
BRDA:118,15,0,7
BRDA:124,16,0,0
BRDA:129,17,0,110591
BRDA:143,18,0,880
BRDA:148,19,0,3520
BRDA:152,20,0,1760
BRDA:153,21,0,5
BRDA:159,22,0,1760
BRDA:163,23,0,0
BRDA:168,24,0,5
BRDA:170,25,0,0
BRDA:176,26,0,880
BRDA:180,27,0,440
BRDA:195,28,0,2
BRDA:197,29,0,10
BRDA:202,30,0,2
BRDA:204,31,0,0
BRDA:212,32,0,131
BRDA:212,33,0,131
BRDA:214,34,0,44996
BRDA:217,35,0,9550
BRDA:219,36,0,0
BRDA:221,37,0,44865
BRDA:223,38,0,2
BRDA:223,39,0,129
BRDA:225,40,0,9420
BRDA:225,41,0,129
BRDA:231,42,0,3
BRDA:241,43,0,444
BRDA:242,44,0,222
BRDA:255,45,0,1
BRDA:267,46,0,74
BRDA:267,47,0,74
BRDA:268,48,0,31450
BRDA:270,49,0,5476
BRDA:272,50,0,0
BRDA:273,51,0,31376
BRDA:275,52,0,1
BRDA:275,53,0,73
BRDA:276,54,0,5402
BRDA:276,55,0,73
BRDA:282,56,0,1
BRDA:298,57,0,2
BRDA:306,58,0,120
BRDA:315,59,0,18
BRDA:319,60,0,3
BRDA:319,61,0,15
BRDA:323,62,0,14
BRDA:323,63,0,2
BRDA:323,64,0,13
BRDA:328,65,0,8
BRDA:330,66,0,2
BRDA:333,67,0,2
BRDA:336,68,0,2
BRDA:339,69,0,1
BRDA:349,70,0,1
BRDA:352,71,0,5
BRDA:356,72,0,1
BRDA:359,73,0,1
BRDA:362,74,0,1
BRDA:365,75,0,1
BRDA:368,76,0,1
BRDA:371,77,0,13
BRDA:377,78,0,6
BRDA:381,79,0,3
BRDA:381,80,0,4
BRDA:381,81,0,2
BRF:82
BRH:75
end_of_record
TN:
SF:src\lib\rosbridge.test.ts
FNF:0
FNH:0
DA:1,1
DA:2,1
DA:4,1
DA:5,1
DA:6,1
DA:7,1
DA:8,1
DA:9,1
DA:10,1
DA:11,1
DA:12,1
DA:13,1
DA:14,1
DA:16,1
DA:17,1
DA:18,1
DA:19,1
DA:20,1
DA:21,1
DA:22,1
DA:23,1
DA:24,1
DA:25,1
DA:26,1
DA:28,1
DA:29,1
DA:30,1
DA:31,1
DA:32,1
DA:33,1
DA:34,1
DA:36,1
DA:37,1
DA:38,1
DA:39,1
DA:41,1
DA:42,1
DA:43,1
DA:44,1
DA:45,1
DA:46,1
DA:47,1
DA:49,1
DA:50,1
DA:51,1
DA:52,1
DA:53,1
DA:54,1
DA:55,1
DA:57,1
DA:58,1
DA:59,1
DA:60,1
DA:61,1
DA:63,1
DA:64,1
DA:65,1
DA:66,1
DA:67,1
DA:68,1
DA:69,1
DA:70,1
DA:71,1
DA:72,1
DA:73,1
DA:74,1
DA:75,1
DA:76,1
DA:78,1
DA:79,1
DA:80,1
DA:81,1
DA:82,1
DA:83,1
DA:84,1
DA:85,1
DA:86,1
DA:88,1
DA:89,1
DA:90,1
DA:91,1
DA:92,1
DA:93,1
DA:94,1
DA:95,1
LF:85
LH:85
BRDA:4,0,0,1
BRDA:5,1,0,1
BRDA:16,2,0,1
BRDA:28,3,0,1
BRDA:36,4,0,1
BRDA:41,5,0,1
BRDA:49,6,0,1
BRDA:57,7,0,1
BRDA:63,8,0,1
BRDA:64,9,0,1
BRDA:78,10,0,1
BRDA:88,11,0,1
BRF:12
BRH:12
end_of_record
TN:
SF:src\lib\rosbridge.ts
FN:17,parseGpsFixMessage
FN:35,createGpsFixHandler
FNF:2
FNH:2
FNDA:13,parseGpsFixMessage
FNDA:6,createGpsFixHandler
DA:17,1
DA:18,13
DA:19,13
DA:20,13
DA:21,6
DA:22,13
DA:23,4
DA:24,11
DA:25,4
DA:26,11
DA:27,3
DA:28,3
DA:29,13
DA:35,1
DA:36,6
DA:37,6
DA:38,6
DA:39,6
DA:40,5
DA:41,6
DA:42,6
DA:43,6
LF:22
LH:22
BRDA:17,0,0,13
BRDA:20,1,0,7
BRDA:20,2,0,11
BRDA:20,3,0,4
BRDA:20,4,0,6
BRDA:22,5,0,5
BRDA:22,6,0,2
BRDA:22,7,0,11
BRDA:22,8,0,4
BRDA:24,9,0,2
BRDA:24,10,0,4
BRDA:26,11,0,3
BRDA:35,12,0,6
BRDA:38,13,0,6
BRDA:39,14,0,1
BRDA:39,15,0,5
BRDA:41,16,0,2
BRF:17
BRH:17
end_of_record
TN:
SF:src\pages\Dashboard.test.tsx
FN:17,renderDashboard
FN:25,resetStore
FNF:2
FNH:2
FNDA:14,renderDashboard
FNDA:15,resetStore
DA:1,1
DA:17,14
DA:18,14
DA:19,14
DA:20,14
DA:21,14
DA:22,14
DA:23,14
DA:25,15
DA:26,15
DA:27,15
DA:28,15
DA:29,15
DA:30,15
DA:32,1
DA:33,1
DA:34,15
DA:35,15
DA:36,1
DA:38,1
DA:39,1
DA:40,1
DA:41,1
DA:43,1
DA:44,1
DA:45,1
DA:46,1
DA:48,1
DA:49,1
DA:50,1
DA:51,1
DA:53,1
DA:54,1
DA:55,1
DA:56,1
DA:57,1
DA:58,1
DA:60,1
DA:61,1
DA:62,1
DA:63,1
DA:64,1
DA:66,1
DA:67,1
DA:68,1
DA:69,1
DA:70,1
DA:71,1
DA:73,1
DA:74,1
DA:75,1
DA:76,1
DA:78,1
DA:79,1
DA:80,1
DA:81,1
DA:82,1
DA:84,1
DA:87,1
DA:88,1
DA:89,1
DA:91,1
DA:92,1
DA:93,1
DA:94,1
DA:95,1
DA:96,1
DA:97,1
DA:98,1
DA:100,1
DA:101,1
DA:102,1
DA:103,1
DA:104,1
DA:105,1
DA:106,1
DA:107,1
DA:109,1
DA:110,1
DA:111,1
DA:112,1
DA:113,1
DA:114,1
DA:115,1
DA:117,1
DA:118,1
DA:119,1
DA:120,1
DA:121,1
DA:122,1
DA:123,1
DA:124,1
DA:125,1
DA:126,1
DA:128,1
DA:129,1
DA:130,1
DA:131,1
DA:132,1
DA:134,1
DA:135,1
DA:136,1
DA:137,1
DA:138,1
DA:139,1
DA:140,1
DA:141,1
DA:142,1
DA:143,1
DA:144,1
DA:146,1
DA:147,1
DA:148,1
DA:149,1
DA:150,1
LF:115
LH:115
BRDA:17,0,0,14
BRDA:25,1,0,15
BRDA:32,2,0,1
BRDA:33,3,0,15
BRDA:38,4,0,1
BRDA:43,5,0,1
BRDA:48,6,0,1
BRDA:53,7,0,1
BRDA:60,8,0,1
BRDA:66,9,0,1
BRDA:73,10,0,1
BRDA:78,11,0,1
BRDA:91,12,0,1
BRDA:100,13,0,1
BRDA:109,14,0,1
BRDA:117,15,0,1
BRDA:128,16,0,1
BRDA:134,17,0,1
BRDA:146,18,0,1
BRF:19
BRH:19
end_of_record
TN:
SF:src\pages\Dashboard.tsx
FN:23,Dashboard
FN:60,simulateGpsUpdate
FN:101,onClick
FNF:3
FNH:3
FNDA:49,Dashboard
FNDA:3,simulateGpsUpdate
FNDA:4,onClick
DA:1,1
DA:10,1
DA:11,1
DA:12,1
DA:13,1
DA:14,1
DA:15,1
DA:16,1
DA:23,1
DA:24,49
DA:25,49
DA:27,49
DA:28,24
DA:29,24
DA:30,24
DA:31,49
DA:60,49
DA:61,3
DA:62,3
DA:63,3
DA:64,2
DA:65,2
DA:66,2
DA:67,2
DA:68,2
DA:69,1
DA:70,3
DA:71,3
DA:73,49
DA:74,49
DA:75,49
DA:76,49
DA:77,49
DA:79,49
DA:80,49
DA:81,49
DA:82,49
DA:83,49
DA:84,49
DA:86,49
DA:87,49
DA:88,49
DA:89,49
DA:90,49
DA:92,49
DA:93,49
DA:94,49
DA:95,49
DA:96,49
DA:97,49
DA:98,49
DA:99,49
DA:100,49
DA:101,49
DA:102,49
DA:103,49
DA:104,49
DA:106,49
DA:107,49
DA:108,49
DA:109,49
DA:110,49
DA:111,49
DA:112,49
DA:114,49
DA:115,49
DA:116,49
DA:117,49
DA:118,49
DA:120,49
DA:121,49
DA:122,49
DA:123,49
DA:125,49
LF:74
LH:74
BRDA:23,0,0,49
BRDA:24,1,0,46
BRDA:103,2,0,6
BRDA:103,3,0,43
BRDA:106,4,0,6
BRDA:106,5,0,43
BRDA:27,6,0,24
BRDA:60,7,0,3
BRDA:61,8,0,3
BRDA:63,9,0,2
BRDA:68,10,0,1
BRDA:101,11,0,4
BRDA:101,12,0,4
BRF:13
BRH:13
end_of_record
TN:
SF:src\pages\MapControlScreen.test.tsx
FN:79,resetStore
FNF:1
FNH:1
FNDA:43,resetStore
DA:1,1
DA:2,1
DA:9,1
DA:10,1
DA:79,43
DA:80,43
DA:81,43
DA:82,43
DA:83,43
DA:84,43
DA:85,43
DA:86,43
DA:87,43
DA:88,43
DA:89,43
DA:90,43
DA:91,43
DA:93,1
DA:94,1
DA:95,43
DA:96,43
DA:97,43
DA:98,1
DA:100,1
DA:101,1
DA:102,1
DA:103,1
DA:104,1
DA:105,1
DA:107,1
DA:108,1
DA:109,1
DA:110,1
DA:111,1
DA:113,1
DA:114,1
DA:115,1
DA:116,1
DA:117,1
DA:118,1
DA:119,1
DA:120,1
DA:121,1
DA:123,1
DA:124,1
DA:125,1
DA:126,1
DA:127,1
DA:128,1
DA:129,1
DA:130,1
DA:132,1
DA:133,1
DA:134,1
DA:135,1
DA:136,1
DA:137,1
DA:139,1
DA:140,1
DA:141,1
DA:142,1
DA:143,1
DA:144,1
DA:145,1
DA:147,1
DA:148,1
DA:149,1
DA:150,1
DA:152,1
DA:153,1
DA:154,1
DA:155,1
DA:156,1
DA:157,1
DA:159,1
DA:160,1
DA:161,1
DA:162,1
DA:163,1
DA:164,1
DA:165,1
DA:166,1
DA:167,1
DA:168,1
DA:170,1
DA:171,1
DA:172,1
DA:173,1
DA:174,1
DA:175,1
DA:176,1
DA:177,1
DA:178,1
DA:179,1
DA:181,1
DA:182,1
DA:183,1
DA:184,1
DA:185,1
DA:186,1
DA:187,1
DA:188,1
DA:189,1
DA:190,1
DA:191,1
DA:193,1
DA:194,1
DA:195,1
DA:196,1
DA:197,1
DA:198,1
DA:199,1
DA:200,1
DA:201,1
DA:202,1
DA:203,1
DA:204,1
DA:206,1
DA:207,1
DA:208,1
DA:209,1
DA:210,1
DA:211,1
DA:212,1
DA:213,1
DA:214,1
DA:215,1
DA:216,1
DA:217,1
DA:219,1
DA:220,1
DA:221,1
DA:222,1
DA:223,1
DA:225,1
DA:226,1
DA:227,1
DA:228,1
DA:229,1
DA:231,1
DA:232,1
DA:233,1
DA:234,1
DA:235,1
DA:236,1
DA:237,1
DA:239,1
DA:240,1
DA:241,1
DA:242,1
DA:243,1
DA:244,1
DA:245,1
DA:246,1
DA:247,1
DA:248,1
DA:249,1
DA:250,1
DA:251,1
DA:252,1
DA:253,1
DA:254,1
DA:256,1
DA:257,1
DA:258,1
DA:259,1
DA:260,1
DA:261,1
DA:262,1
DA:263,1
DA:264,1
DA:265,1
DA:266,1
DA:267,1
DA:268,1
DA:269,1
DA:270,1
DA:271,1
DA:273,1
DA:274,1
DA:275,1
DA:276,1
DA:277,1
DA:278,1
DA:279,1
DA:280,1
DA:281,1
DA:282,1
DA:283,1
DA:284,1
DA:285,1
DA:286,1
DA:287,1
DA:288,1
DA:289,1
DA:291,1
DA:292,1
DA:293,1
DA:294,1
DA:295,1
DA:296,1
DA:298,1
DA:299,1
DA:300,1
DA:301,1
DA:302,1
DA:303,1
DA:304,1
DA:305,1
DA:306,1
DA:307,1
DA:308,1
DA:309,1
DA:310,1
DA:312,1
DA:313,1
DA:314,1
DA:315,1
DA:316,1
DA:317,1
DA:318,1
DA:319,1
DA:320,1
DA:321,1
DA:322,1
DA:323,1
DA:325,1
DA:326,1
DA:327,1
DA:328,1
DA:329,1
DA:331,1
DA:332,1
DA:333,1
DA:334,1
DA:336,1
DA:337,1
DA:338,1
DA:339,1
DA:340,1
DA:341,1
DA:342,1
DA:343,1
DA:344,1
DA:345,1
DA:346,1
DA:347,1
DA:349,1
DA:350,1
DA:351,1
DA:352,1
DA:353,1
DA:354,1
DA:355,1
DA:356,1
DA:357,1
DA:359,1
DA:360,1
DA:361,1
DA:362,1
DA:363,1
DA:364,1
DA:365,1
DA:366,1
DA:367,1
DA:368,1
DA:369,1
DA:373,1
DA:374,1
DA:375,1
DA:376,1
DA:378,1
DA:379,1
DA:380,1
DA:381,1
DA:382,1
DA:384,1
DA:385,1
DA:386,1
DA:387,1
DA:388,1
DA:389,1
DA:390,1
DA:391,1
DA:392,1
DA:393,1
DA:394,1
DA:396,1
DA:397,1
DA:398,1
DA:399,1
DA:400,1
DA:401,1
DA:402,1
DA:403,1
DA:404,1
DA:405,1
DA:406,1
DA:407,1
DA:408,1
DA:410,1
DA:411,1
DA:412,1
DA:413,1
DA:414,1
DA:415,1
DA:416,1
DA:417,1
DA:418,1
DA:419,1
DA:420,1
DA:421,1
DA:422,1
DA:423,1
DA:425,1
DA:426,1
DA:427,1
DA:428,1
DA:429,1
DA:430,1
DA:431,1
DA:432,1
DA:433,1
DA:434,1
DA:435,1
DA:437,1
DA:438,1
DA:439,1
DA:440,1
DA:441,1
DA:442,1
DA:443,1
DA:444,1
DA:445,1
DA:446,1
DA:447,1
DA:448,1
DA:450,1
DA:451,1
DA:452,1
DA:453,1
DA:454,1
DA:455,1
DA:456,1
DA:458,1
DA:459,1
DA:460,1
DA:461,1
DA:462,1
DA:464,1
DA:465,1
DA:466,1
DA:467,1
DA:468,1
DA:469,1
DA:470,1
DA:471,1
DA:472,1
DA:473,1
DA:475,1
DA:476,1
DA:477,1
DA:478,1
DA:479,1
DA:480,1
DA:481,1
DA:482,1
DA:483,1
DA:484,1
DA:485,1
DA:486,1
DA:487,1
DA:488,1
DA:489,1
DA:491,1
DA:492,1
DA:493,1
DA:494,1
DA:495,1
DA:496,1
DA:497,1
DA:498,1
DA:499,1
DA:500,1
DA:501,1
DA:502,1
DA:503,1
DA:505,1
DA:506,1
DA:507,1
DA:508,1
DA:509,1
DA:510,1
DA:511,1
DA:512,1
DA:513,1
DA:514,1
DA:515,1
DA:516,1
DA:517,1
DA:519,1
DA:520,1
DA:521,1
DA:522,1
DA:523,1
DA:524,1
DA:525,1
DA:526,1
DA:527,1
DA:528,1
DA:529,1
DA:530,1
DA:531,1
DA:532,1
DA:533,1
DA:535,1
DA:536,1
DA:537,1
DA:538,1
DA:539,1
DA:540,1
DA:541,1
DA:542,1
DA:543,1
DA:544,1
DA:545,1
DA:546,1
DA:547,1
DA:548,1
DA:549,1
DA:551,1
DA:552,1
DA:553,1
DA:554,1
DA:555,1
DA:556,1
DA:557,1
DA:558,1
DA:559,1
DA:560,1
DA:561,1
DA:562,1
DA:563,1
DA:564,1
DA:565,1
LF:445
LH:445
BRDA:10,0,0,65
BRDA:79,1,0,43
BRDA:93,2,0,1
BRDA:94,3,0,43
BRDA:97,4,0,1
BRDA:100,5,0,1
BRDA:107,6,0,1
BRDA:113,7,0,1
BRDA:118,8,0,1
BRDA:123,9,0,1
BRDA:127,10,0,2
BRDA:132,11,0,1
BRDA:139,12,0,1
BRDA:147,13,0,1
BRDA:152,14,0,1
BRDA:159,15,0,1
BRDA:170,16,0,1
BRDA:181,17,0,1
BRDA:193,18,0,1
BRDA:206,19,0,1
BRDA:219,20,0,1
BRDA:225,21,0,1
BRDA:231,22,0,1
BRDA:239,23,0,1
BRDA:256,24,0,1
BRDA:273,25,0,1
BRDA:291,26,0,1
BRDA:298,27,0,1
BRDA:312,28,0,1
BRDA:325,29,0,1
BRDA:331,30,0,1
BRDA:336,31,0,1
BRDA:349,32,0,1
BRDA:359,33,0,1
BRDA:373,34,0,1
BRDA:378,35,0,1
BRDA:384,36,0,1
BRDA:396,37,0,1
BRDA:410,38,0,1
BRDA:425,39,0,1
BRDA:437,40,0,1
BRDA:450,41,0,1
BRDA:454,42,0,0
BRDA:458,43,0,1
BRDA:464,44,0,1
BRDA:471,45,0,0
BRDA:475,46,0,1
BRDA:486,47,0,1
BRDA:491,48,0,1
BRDA:505,49,0,1
BRDA:519,50,0,1
BRDA:535,51,0,1
BRDA:551,52,0,1
BRF:53
BRH:51
end_of_record
TN:
SF:src\pages\MapControlScreen.tsx
FN:44,MapCenterUpdater
FN:56,MapControlScreen
FN:172,handleClearPath
FN:336,onClick
FN:390,onClick
FN:435,onClick
FN:442,onClick
FNF:7
FNH:7
FNDA:67,MapCenterUpdater
FNDA:67,MapControlScreen
FNDA:1,handleClearPath
FNDA:1,onClick
FNDA:4,onClick
FNDA:1,onClick
FNDA:1,onClick
DA:1,1
DA:21,1
DA:22,1
DA:25,1
DA:26,2
DA:27,2
DA:28,2
DA:29,2
DA:30,2
DA:31,2
DA:32,2
DA:33,2
DA:34,2
DA:35,1
DA:37,1
DA:38,1
DA:39,1
DA:40,1
DA:41,1
DA:42,1
DA:44,67
DA:45,67
DA:46,67
DA:48,67
DA:49,67
DA:50,67
DA:51,65
DA:52,65
DA:53,67
DA:54,67
DA:56,1
DA:57,67
DA:58,67
DA:59,67
DA:60,67
DA:61,67
DA:62,67
DA:63,67
DA:64,67
DA:65,67
DA:66,67
DA:67,67
DA:68,67
DA:69,67
DA:70,67
DA:71,67
DA:72,67
DA:73,67
DA:74,67
DA:75,67
DA:76,67
DA:78,67
DA:79,67
DA:80,67
DA:82,67
DA:83,67
DA:84,19
DA:85,18
DA:86,11
DA:87,67
DA:89,67
DA:90,67
DA:93,67
DA:94,50
DA:95,7
DA:96,7
DA:97,67
DA:98,67
DA:99,67
DA:100,67
DA:101,67
DA:102,67
DA:105,67
DA:106,51
DA:107,1
DA:108,0
DA:109,0
DA:110,0
DA:111,0
DA:112,1
DA:113,1
DA:114,67
DA:116,67
DA:117,67
DA:118,67
DA:119,67
DA:120,67
DA:121,67
DA:122,43
DA:123,43
DA:124,43
DA:125,67
DA:126,67
DA:129,67
DA:130,67
DA:131,51
DA:132,67
DA:133,67
DA:136,67
DA:137,67
DA:138,67
DA:139,67
DA:140,67
DA:141,67
DA:142,67
DA:143,67
DA:144,67
DA:145,44
DA:146,4
DA:147,4
DA:148,4
DA:149,4
DA:150,44
DA:151,5
DA:152,5
DA:153,5
DA:154,5
DA:155,5
DA:156,5
DA:157,5
DA:158,4
DA:159,4
DA:160,4
DA:161,4
DA:162,1
DA:163,1
DA:164,1
DA:165,4
DA:166,67
DA:168,67
DA:169,65
DA:170,2
DA:172,67
DA:173,1
DA:174,1
DA:176,67
DA:177,67
DA:178,67
DA:180,67
DA:182,67
DA:183,67
DA:184,67
DA:185,67
DA:186,67
DA:187,67
DA:189,67
DA:190,67
DA:191,67
DA:192,67
DA:193,67
DA:195,67
DA:196,67
DA:197,67
DA:198,67
DA:199,67
DA:200,67
DA:201,67
DA:202,67
DA:203,67
DA:204,67
DA:205,67
DA:206,67
DA:207,67
DA:208,67
DA:209,67
DA:210,67
DA:211,67
DA:212,67
DA:213,67
DA:214,67
DA:215,67
DA:218,67
DA:219,15
DA:220,15
DA:221,15
DA:222,15
DA:223,15
DA:224,15
DA:225,15
DA:226,15
DA:227,15
DA:231,67
DA:232,7
DA:233,7
DA:234,7
DA:235,7
DA:236,7
DA:237,7
DA:238,3
DA:239,3
DA:240,3
DA:241,3
DA:242,3
DA:243,3
DA:244,3
DA:245,3
DA:247,7
DA:250,67
DA:251,65
DA:252,65
DA:253,65
DA:254,65
DA:256,67
DA:259,67
DA:260,15
DA:261,15
DA:262,15
DA:263,15
DA:264,15
DA:265,15
DA:267,15
DA:268,15
DA:272,67
DA:273,67
DA:274,67
DA:275,67
DA:276,67
DA:277,67
DA:278,67
DA:279,67
DA:280,67
DA:281,67
DA:284,67
DA:285,48
DA:286,48
DA:288,48
DA:289,48
DA:291,67
DA:294,67
DA:295,67
DA:297,67
DA:298,67
DA:299,67
DA:300,67
DA:301,67
DA:302,67
DA:303,67
DA:304,15
DA:305,52
DA:306,67
DA:308,67
DA:309,67
DA:310,67
DA:311,15
DA:312,15
DA:313,15
DA:314,15
DA:315,15
DA:317,15
DA:319,67
DA:320,16
DA:321,16
DA:322,16
DA:323,16
DA:324,16
DA:326,16
DA:328,67
DA:329,67
DA:332,67
DA:333,67
DA:334,67
DA:335,67
DA:336,67
DA:337,67
DA:338,67
DA:339,67
DA:340,1
DA:341,66
DA:342,67
DA:344,67
DA:345,67
DA:346,67
DA:349,67
DA:350,11
DA:351,11
DA:352,11
DA:353,11
DA:354,11
DA:355,11
DA:356,11
DA:357,11
DA:358,11
DA:359,11
DA:360,11
DA:361,11
DA:362,11
DA:363,11
DA:364,11
DA:365,11
DA:366,11
DA:367,11
DA:368,11
DA:369,11
DA:370,11
DA:371,11
DA:372,11
DA:373,11
DA:374,11
DA:375,11
DA:376,11
DA:377,11
DA:378,11
DA:379,11
DA:380,11
DA:381,11
DA:382,11
DA:383,11
DA:387,67
DA:388,67
DA:389,67
DA:390,67
DA:391,67
DA:392,67
DA:393,67
DA:394,9
DA:395,58
DA:396,67
DA:397,67
DA:399,67
DA:400,67
DA:401,67
DA:402,67
DA:403,67
DA:404,67
DA:405,19
DA:407,67
DA:409,67
DA:410,67
DA:411,67
DA:414,67
DA:415,4
DA:416,4
DA:417,4
DA:418,4
DA:419,4
DA:420,4
DA:422,4
DA:423,4
DA:424,4
DA:425,4
DA:426,4
DA:428,4
DA:429,4
DA:430,4
DA:431,4
DA:432,4
DA:433,4
DA:434,4
DA:435,4
DA:436,4
DA:437,4
DA:439,4
DA:440,4
DA:441,4
DA:442,4
DA:443,1
DA:444,1
DA:445,1
DA:446,4
DA:447,4
DA:449,4
DA:450,4
DA:451,4
DA:452,4
DA:453,4
DA:454,4
DA:457,67
DA:458,1
DA:459,1
DA:460,1
DA:462,67
DA:464,67
LF:372
LH:368
BRDA:25,0,0,2
BRDA:44,1,0,67
BRDA:50,2,0,65
BRDA:56,3,0,67
BRDA:83,4,0,19
BRDA:84,5,0,18
BRDA:85,6,0,11
BRDA:90,7,0,8
BRDA:90,8,0,1
BRDA:90,9,0,66
BRDA:99,10,0,65
BRDA:100,11,0,65
BRDA:137,12,0,11
BRDA:137,13,0,56
BRDA:139,14,0,11
BRDA:139,15,0,56
BRDA:168,16,0,65
BRDA:169,17,0,2
BRDA:218,18,0,17
BRDA:218,19,0,15
BRDA:225,20,0,2
BRDA:225,21,0,13
BRDA:231,22,0,8
BRDA:231,23,0,7
BRDA:237,24,0,3
BRDA:237,25,0,3
BRDA:250,26,0,65
BRDA:259,27,0,15
BRDA:275,28,0,19
BRDA:275,29,0,48
BRDA:284,30,0,48
BRDA:301,31,0,15
BRDA:301,32,0,52
BRDA:303,33,0,15
BRDA:304,34,0,52
BRDA:308,35,0,15
BRDA:308,36,0,52
BRDA:310,37,0,15
BRDA:319,38,0,25
BRDA:319,39,0,16
BRDA:339,40,0,1
BRDA:339,41,0,1
BRDA:340,42,0,66
BRDA:344,43,0,1
BRDA:344,44,0,1
BRDA:344,45,0,66
BRDA:349,46,0,59
BRDA:349,47,0,11
BRDA:379,48,0,3
BRDA:379,49,0,8
BRDA:393,50,0,9
BRDA:394,51,0,58
BRDA:402,52,0,8
BRDA:402,53,0,59
BRDA:404,54,0,19
BRDA:405,55,0,16
BRDA:409,56,0,8
BRDA:409,57,0,59
BRDA:414,58,0,4
BRDA:457,59,0,1
BRDA:93,60,0,50
BRDA:94,61,0,7
BRDA:94,62,0,7
BRDA:105,63,0,51
BRDA:106,64,0,1
BRDA:106,65,0,50
BRDA:106,66,0,1
BRDA:113,67,0,1
BRDA:117,68,0,43
BRDA:117,69,0,172
BRDA:121,70,0,43
BRDA:122,71,0,43
BRDA:123,72,0,172
BRDA:130,73,0,51
BRDA:131,74,0,30
BRDA:141,75,0,44
BRDA:141,76,0,19
BRDA:144,77,0,44
BRDA:145,78,0,9
BRDA:145,79,0,40
BRDA:145,80,0,4
BRDA:150,81,0,5
BRDA:157,82,0,4
BRDA:161,83,0,1
BRDA:164,84,0,4
BRDA:172,85,0,1
BRDA:204,86,0,67
BRDA:336,87,0,1
BRDA:336,88,0,1
BRDA:390,89,0,4
BRDA:435,90,0,1
BRDA:442,91,0,1
BRF:92
BRH:92
end_of_record
TN:
SF:src\store\mowerStore.test.ts
FN:17,getStore
FN:21,resetStore
FNF:2
FNH:2
FNDA:123,getStore
FNDA:27,resetStore
DA:1,1
DA:7,1
DA:11,1
DA:12,1
DA:13,1
DA:14,1
DA:15,1
DA:17,123
DA:18,123
DA:19,123
DA:21,27
DA:22,27
DA:23,27
DA:24,27
DA:25,27
DA:26,27
DA:27,27
DA:28,27
DA:29,27
DA:30,27
DA:31,27
DA:32,27
DA:33,27
DA:35,1
DA:36,1
DA:37,26
DA:38,1
DA:40,1
DA:41,26
DA:42,26
DA:43,1
DA:45,1
DA:46,1
DA:47,1
DA:48,1
DA:49,4
DA:50,4
DA:51,1
DA:52,1
DA:54,1
DA:55,1
DA:56,1
DA:58,1
DA:59,1
DA:60,1
DA:61,1
DA:62,1
DA:63,1
DA:64,1
DA:65,1
DA:66,1
DA:67,1
DA:68,1
DA:69,1
DA:70,1
DA:71,1
DA:72,1
DA:74,1
DA:75,1
DA:76,1
DA:77,1
DA:78,1
DA:79,1
DA:80,1
DA:82,1
DA:83,1
DA:84,1
DA:85,1
DA:86,1
DA:87,1
DA:88,1
DA:89,1
DA:91,1
DA:92,1
DA:93,1
DA:94,1
DA:95,1
DA:96,1
DA:97,1
DA:99,1
DA:100,1
DA:101,1
DA:102,1
DA:103,1
DA:104,1
DA:105,1
DA:106,1
DA:108,1
DA:109,1
DA:110,1
DA:111,1
DA:112,1
DA:113,1
DA:114,1
DA:115,1
DA:116,1
DA:118,1
DA:119,1
DA:120,1
DA:121,1
DA:122,1
DA:123,1
DA:124,1
DA:126,1
DA:127,1
DA:128,1
DA:129,1
DA:130,1
DA:132,1
DA:133,1
DA:134,1
DA:135,1
DA:136,1
DA:138,1
DA:139,1
DA:140,1
DA:141,1
DA:143,1
DA:144,1
DA:145,1
DA:146,1
DA:147,1
DA:148,1
DA:149,1
DA:150,1
DA:151,1
DA:153,1
DA:154,1
DA:155,1
DA:157,1
DA:158,1
DA:159,1
DA:160,1
DA:161,1
DA:162,1
DA:164,1
DA:165,1
DA:166,1
DA:167,1
DA:168,1
DA:169,1
DA:171,1
DA:172,1
DA:173,1
DA:174,1
DA:175,1
DA:176,1
DA:177,1
DA:179,1
DA:180,1
DA:181,1
DA:182,1
DA:183,1
DA:184,1
DA:185,1
DA:186,1
DA:187,1
DA:188,1
DA:190,1
DA:191,1
DA:192,1
DA:193,1
DA:195,1
DA:196,1
DA:197,1
DA:198,1
DA:199,1
DA:200,1
DA:201,1
DA:202,1
DA:203,1
DA:204,1
DA:205,1
DA:206,1
DA:207,1
DA:208,1
DA:209,1
DA:210,1
DA:211,1
DA:212,1
DA:213,1
DA:215,1
DA:216,1
DA:217,1
DA:218,1
DA:219,1
DA:220,1
DA:221,1
DA:222,1
DA:223,1
DA:224,1
DA:226,1
DA:227,1
DA:228,1
DA:229,1
DA:230,1
DA:231,1
DA:232,1
DA:233,1
DA:235,1
DA:236,1
DA:238,1
DA:239,4
DA:240,1
DA:242,1
DA:243,4
DA:244,1
DA:246,1
DA:247,1
DA:248,1
DA:249,1
DA:250,1
DA:251,1
DA:252,1
DA:253,1
DA:254,1
DA:255,1
DA:256,1
DA:257,1
DA:259,1
DA:260,1
DA:261,1
DA:262,1
DA:264,1
DA:265,1
DA:266,1
DA:267,1
DA:268,1
DA:269,1
DA:271,1
DA:272,1
DA:273,1
DA:274,1
DA:275,1
DA:276,1
DA:277,1
DA:278,1
DA:280,1
DA:281,1
DA:282,1
DA:283,1
DA:284,1
DA:285,1
DA:286,1
DA:287,1
DA:288,1
DA:289,1
DA:290,1
DA:292,1
DA:293,1
DA:294,1
DA:295,1
DA:296,1
DA:297,1
DA:298,1
DA:299,1
DA:300,1
DA:301,1
DA:302,1
DA:303,1
LF:260
LH:260
BRDA:17,0,0,123
BRDA:21,1,0,27
BRDA:35,2,0,1
BRDA:36,3,0,26
BRDA:37,4,0,7
BRDA:40,5,0,26
BRDA:45,6,0,1
BRDA:46,7,0,1
BRDA:48,8,0,4
BRDA:54,9,0,1
BRDA:58,10,0,1
BRDA:74,11,0,1
BRDA:75,12,0,1
BRDA:82,13,0,1
BRDA:91,14,0,1
BRDA:99,15,0,1
BRDA:108,16,0,1
BRDA:118,17,0,1
BRDA:126,18,0,1
BRDA:127,19,0,1
BRDA:132,20,0,1
BRDA:138,21,0,1
BRDA:143,22,0,1
BRDA:153,23,0,1
BRDA:164,24,0,1
BRDA:171,25,0,1
BRDA:179,26,0,1
BRDA:180,27,0,1
BRDA:190,28,0,1
BRDA:195,29,0,1
BRDA:215,30,0,1
BRDA:216,31,0,1
BRDA:226,32,0,1
BRDA:227,33,0,1
BRDA:235,34,0,1
BRDA:238,35,0,4
BRDA:242,36,0,4
BRDA:246,37,0,1
BRDA:259,38,0,1
BRDA:271,39,0,1
BRDA:280,40,0,1
BRDA:292,41,0,1
BRDA:293,42,0,1
BRF:43
BRH:43
end_of_record
TN:
SF:src\store\mowerStore.ts
FN:37,clearProgressSimulation
FN:88,setConnected
FN:89,setBattery
FN:91,setLastKnownPosition
FN:92,setProgressPercent
FN:94,setCurrentPath
FN:95,setMowingPosition
FN:96,setToastMessage
FN:98,startRecording
FN:99,stopRecording
FN:101,addPositionToPath
FN:115,clearRecordedPath
FN:117,startMowing
FN:179,stopMowing
FN:188,pauseMowing
FNF:15
FNH:15
FNDA:85,clearProgressSimulation
FNDA:123,setConnected
FNDA:119,setBattery
FNDA:44,setLastKnownPosition
FNDA:73,setProgressPercent
FNDA:71,setCurrentPath
FNDA:71,setMowingPosition
FNDA:74,setToastMessage
FNDA:13,startRecording
FNDA:73,stopRecording
FNDA:15,addPositionToPath
FNDA:72,clearRecordedPath
FNDA:11,startMowing
FNDA:73,stopMowing
FNDA:2,pauseMowing
DA:1,1
DA:13,1
DA:14,1
DA:15,1
DA:16,1
DA:17,1
DA:18,1
DA:21,1
DA:22,1
DA:23,1
DA:24,1
DA:25,1
DA:26,1
DA:29,1
DA:32,1
DA:33,1
DA:35,1
DA:37,85
DA:38,85
DA:39,8
DA:40,8
DA:41,8
DA:42,85
DA:76,1
DA:77,4
DA:78,4
DA:79,4
DA:80,4
DA:81,4
DA:82,4
DA:83,4
DA:84,4
DA:85,4
DA:86,4
DA:88,4
DA:89,4
DA:90,119
DA:91,4
DA:92,4
DA:93,73
DA:94,4
DA:95,4
DA:96,4
DA:98,4
DA:99,4
DA:101,4
DA:102,15
DA:103,15
DA:104,14
DA:105,15
DA:106,11
DA:107,11
DA:108,11
DA:109,3
DA:110,9
DA:111,2
DA:112,2
DA:113,15
DA:115,4
DA:117,4
DA:118,11
DA:119,11
DA:121,9
DA:122,9
DA:123,9
DA:125,8
DA:126,8
DA:127,8
DA:128,8
DA:129,8
DA:131,8
DA:132,8
DA:133,8
DA:134,8
DA:135,8
DA:136,8
DA:137,8
DA:138,8
DA:139,8
DA:140,8
DA:141,8
DA:143,8
DA:145,8
DA:146,9
DA:147,9
DA:148,0
DA:149,0
DA:150,0
DA:152,9
DA:153,9
DA:154,9
DA:155,9
DA:157,9
DA:159,9
DA:160,9
DA:161,9
DA:162,9
DA:163,0
DA:164,9
DA:166,9
DA:167,2
DA:168,2
DA:169,2
DA:170,2
DA:171,2
DA:172,2
DA:173,2
DA:174,2
DA:175,2
DA:176,8
DA:177,11
DA:179,4
DA:180,73
DA:181,73
DA:182,73
DA:183,73
DA:184,73
DA:185,73
DA:186,73
DA:188,4
DA:189,2
DA:190,2
DA:191,2
DA:192,1
LF:124
LH:120
BRDA:37,0,0,85
BRDA:38,1,0,8
BRDA:76,2,0,4
BRDA:88,3,0,123
BRDA:89,4,0,119
BRDA:91,5,0,44
BRDA:92,6,0,73
BRDA:94,7,0,71
BRDA:95,8,0,71
BRDA:96,9,0,74
BRDA:98,10,0,13
BRDA:99,11,0,73
BRDA:101,12,0,15
BRDA:103,13,0,1
BRDA:103,14,0,14
BRDA:105,15,0,11
BRDA:108,16,0,9
BRDA:108,17,0,3
BRDA:110,18,0,2
BRDA:115,19,0,72
BRDA:117,20,0,11
BRDA:119,21,0,2
BRDA:119,22,0,9
BRDA:123,23,0,1
BRDA:123,24,0,8
BRDA:121,25,0,25
BRDA:145,26,0,9
BRDA:147,27,0,0
BRDA:154,28,0,0
BRDA:162,29,0,0
BRDA:166,30,0,2
BRDA:174,31,0,1
BRDA:179,32,0,73
BRDA:188,33,0,2
BRF:34
BRH:31
end_of_record
