TN:
SF:src\App.test.tsx
FNF:0
FNH:0
DA:1,1
DA:2,1
DA:3,1
DA:5,1
DA:6,1
DA:7,1
DA:8,1
DA:9,1
DA:11,1
DA:12,1
DA:13,1
DA:14,1
DA:16,1
DA:17,1
DA:18,1
DA:19,1
DA:20,1
LF:17
LH:17
BRDA:5,0,0,1
BRDA:6,1,0,1
BRDA:11,2,0,1
BRDA:16,3,0,1
BRF:4
BRH:4
end_of_record
TN:
SF:src\App.tsx
FN:3,App
FNF:1
FNH:1
FNDA:3,App
DA:1,1
DA:3,3
DA:4,3
DA:5,3
DA:6,3
DA:7,3
DA:9,3
DA:10,3
DA:11,3
DA:12,3
DA:13,3
DA:14,3
DA:16,3
DA:18,1
LF:14
LH:14
BRDA:3,0,0,3
BRF:1
BRH:1
end_of_record
TN:
SF:src\components\BatteryGauge.test.tsx
FNF:0
FNH:0
DA:1,1
DA:2,1
DA:3,1
DA:5,1
DA:6,1
DA:7,1
DA:8,1
DA:9,1
DA:11,1
DA:12,1
DA:13,1
DA:14,1
DA:16,1
DA:17,1
DA:18,1
DA:19,1
DA:20,1
DA:22,1
DA:23,1
DA:24,1
DA:25,1
DA:26,1
DA:28,1
DA:29,1
DA:30,1
DA:31,1
DA:33,1
DA:34,1
DA:35,1
DA:36,1
DA:37,1
DA:39,1
DA:40,1
DA:41,1
DA:42,1
DA:43,1
DA:45,1
DA:46,1
DA:47,1
DA:48,1
DA:49,1
LF:41
LH:41
BRDA:5,0,0,1
BRDA:6,1,0,1
BRDA:11,2,0,1
BRDA:16,3,0,1
BRDA:22,4,0,1
BRDA:28,5,0,1
BRDA:33,6,0,1
BRDA:39,7,0,1
BRDA:45,8,0,1
BRF:9
BRH:9
end_of_record
TN:
SF:src\components\BatteryGauge.tsx
FN:7,BatteryGauge
FNF:1
FNH:1
FNDA:21,BatteryGauge
DA:1,1
DA:7,1
DA:8,21
DA:9,21
DA:10,21
DA:11,21
DA:12,21
DA:13,21
DA:14,21
DA:16,21
DA:17,21
DA:18,21
DA:19,21
DA:20,21
DA:21,21
DA:23,21
DA:24,21
DA:25,21
DA:26,21
DA:27,21
DA:28,21
DA:29,21
DA:30,21
DA:31,21
DA:32,21
DA:33,21
DA:34,21
DA:35,21
DA:36,21
DA:37,21
DA:38,21
DA:39,21
DA:40,21
DA:41,21
DA:42,21
DA:43,21
DA:44,21
DA:45,21
DA:46,21
DA:47,21
DA:48,21
DA:49,21
DA:51,21
LF:43
LH:43
BRDA:7,0,0,21
BRDA:13,1,0,20
BRDA:14,2,0,1
BRDA:14,3,0,20
BRDA:14,4,0,1
BRDA:14,5,0,19
BRF:6
BRH:6
end_of_record
TN:
SF:src\components\MowerMap.test.tsx
FN:47,getZoom
FNF:1
FNH:1
FNDA:4,getZoom
DA:1,1
DA:2,1
DA:6,1
DA:7,1
DA:8,1
DA:9,1
DA:42,1
DA:43,1
DA:44,9
DA:45,9
DA:46,9
DA:47,9
DA:48,9
DA:49,1
DA:51,1
DA:52,1
DA:53,1
DA:54,1
DA:56,1
DA:57,1
DA:58,1
DA:59,1
DA:60,1
DA:61,1
DA:62,1
DA:63,1
DA:64,1
DA:66,1
DA:67,1
DA:68,1
DA:69,1
DA:70,1
DA:71,1
DA:73,1
DA:74,1
DA:75,1
DA:76,1
DA:77,1
DA:78,1
DA:79,1
DA:80,1
DA:82,1
DA:83,1
DA:84,1
DA:85,1
DA:86,1
DA:88,1
DA:89,1
DA:90,1
DA:91,1
DA:92,1
DA:93,1
DA:94,1
DA:95,1
DA:96,1
DA:97,1
DA:98,1
DA:99,1
DA:100,1
DA:102,1
DA:103,1
DA:104,1
DA:105,1
DA:106,1
DA:107,1
DA:108,1
DA:110,1
DA:111,1
DA:112,1
DA:113,1
DA:114,1
DA:115,1
DA:116,1
DA:118,1
DA:119,1
DA:120,1
DA:121,1
DA:122,1
DA:123,1
DA:124,1
LF:80
LH:80
BRDA:6,0,0,4
BRDA:7,1,0,4
BRDA:8,2,0,9
BRDA:42,3,0,1
BRDA:43,4,0,9
BRDA:47,5,0,4
BRDA:51,6,0,1
BRDA:56,7,0,1
BRDA:66,8,0,1
BRDA:69,9,0,0
BRDA:73,10,0,1
BRDA:78,11,0,0
BRDA:82,12,0,1
BRDA:88,13,0,1
BRDA:102,14,0,1
BRDA:110,15,0,1
BRDA:118,16,0,1
BRF:17
BRH:15
end_of_record
TN:
SF:src\components\MowerMap.tsx
FN:28,MapCenterUpdater
FN:36,MowerMap
FNF:2
FNH:2
FNDA:12,MapCenterUpdater
FNDA:12,MowerMap
DA:1,1
DA:8,1
DA:9,1
DA:12,1
DA:13,1
DA:14,1
DA:15,1
DA:16,1
DA:17,1
DA:18,1
DA:19,1
DA:28,12
DA:29,12
DA:30,12
DA:31,7
DA:32,7
DA:33,12
DA:34,12
DA:36,1
DA:37,12
DA:38,7
DA:39,5
DA:41,12
DA:42,12
DA:43,12
DA:44,12
DA:45,12
DA:46,12
DA:47,12
DA:49,12
DA:50,12
DA:51,12
DA:52,12
DA:53,12
DA:54,12
DA:55,7
DA:56,7
DA:57,7
DA:59,12
DA:60,12
DA:62,12
LF:41
LH:41
BRDA:28,0,0,12
BRDA:30,1,0,7
BRDA:36,2,0,12
BRDA:37,3,0,7
BRDA:38,4,0,5
BRDA:54,5,0,7
BRF:6
BRH:6
end_of_record
TN:
SF:src\components\StatusIndicators.test.tsx
FNF:0
FNH:0
DA:1,1
DA:2,1
DA:3,1
DA:5,1
DA:6,1
DA:7,1
DA:8,1
DA:9,1
DA:11,1
DA:12,1
DA:13,1
DA:14,1
DA:16,1
DA:17,1
DA:18,1
DA:19,1
DA:21,1
DA:22,1
DA:23,1
DA:24,1
DA:26,1
DA:27,1
DA:28,1
DA:29,1
DA:31,1
DA:32,1
DA:33,1
DA:34,1
DA:36,1
DA:37,1
DA:38,1
DA:39,1
DA:41,1
DA:42,1
DA:43,1
DA:44,1
DA:45,1
DA:46,1
DA:48,1
DA:49,1
DA:50,1
DA:51,1
DA:53,1
DA:54,1
DA:55,1
DA:56,1
DA:57,1
LF:47
LH:47
BRDA:5,0,0,1
BRDA:6,1,0,1
BRDA:11,2,0,1
BRDA:16,3,0,1
BRDA:21,4,0,1
BRDA:26,5,0,1
BRDA:31,6,0,1
BRDA:36,7,0,1
BRDA:41,8,0,1
BRDA:48,9,0,1
BRDA:53,10,0,1
BRF:11
BRH:11
end_of_record
TN:
SF:src\components\StatusIndicators.tsx
FN:9,StatusIndicators
FNF:1
FNH:1
FNDA:23,StatusIndicators
DA:1,1
DA:9,1
DA:10,23
DA:11,23
DA:12,23
DA:13,23
DA:14,23
DA:15,23
DA:16,23
DA:17,23
DA:18,23
DA:19,23
DA:20,23
DA:21,23
DA:22,23
DA:23,23
DA:24,23
DA:25,23
DA:26,23
DA:27,23
DA:28,23
DA:29,2
DA:30,21
DA:31,1
DA:32,20
DA:33,23
DA:35,23
DA:36,23
DA:37,23
DA:38,23
DA:39,23
DA:40,23
DA:41,23
DA:42,23
DA:43,23
DA:44,23
DA:46,23
LF:37
LH:37
BRDA:9,0,0,23
BRDA:15,1,0,2
BRDA:15,2,0,21
BRDA:21,3,0,2
BRDA:21,4,0,21
BRDA:28,5,0,2
BRDA:29,6,0,21
BRDA:30,7,0,1
BRDA:31,8,0,20
BRF:9
BRH:9
end_of_record
TN:
SF:src\lib\rosbridge.test.ts
FNF:0
FNH:0
DA:1,1
DA:2,1
DA:4,1
DA:5,1
DA:6,1
DA:7,1
DA:8,1
DA:9,1
DA:10,1
DA:11,1
DA:12,1
DA:13,1
DA:14,1
DA:16,1
DA:17,1
DA:18,1
DA:19,1
DA:20,1
DA:21,1
DA:22,1
DA:23,1
DA:24,1
DA:25,1
DA:26,1
DA:28,1
DA:29,1
DA:30,1
DA:31,1
DA:32,1
DA:33,1
DA:34,1
DA:36,1
DA:37,1
DA:38,1
DA:39,1
DA:41,1
DA:42,1
DA:43,1
DA:44,1
DA:45,1
DA:46,1
DA:47,1
DA:49,1
DA:50,1
DA:51,1
DA:52,1
DA:53,1
DA:54,1
DA:55,1
DA:57,1
DA:58,1
DA:59,1
DA:60,1
DA:61,1
DA:63,1
DA:64,1
DA:65,1
DA:66,1
DA:67,1
DA:68,1
DA:69,1
DA:70,1
DA:71,1
DA:72,1
DA:73,1
DA:74,1
DA:75,1
DA:76,1
DA:78,1
DA:79,1
DA:80,1
DA:81,1
DA:82,1
DA:83,1
DA:84,1
DA:85,1
DA:86,1
DA:88,1
DA:89,1
DA:90,1
DA:91,1
DA:92,1
DA:93,1
DA:94,1
DA:95,1
LF:85
LH:85
BRDA:4,0,0,1
BRDA:5,1,0,1
BRDA:16,2,0,1
BRDA:28,3,0,1
BRDA:36,4,0,1
BRDA:41,5,0,1
BRDA:49,6,0,1
BRDA:57,7,0,1
BRDA:63,8,0,1
BRDA:64,9,0,1
BRDA:78,10,0,1
BRDA:88,11,0,1
BRF:12
BRH:12
end_of_record
TN:
SF:src\lib\rosbridge.ts
FN:17,parseGpsFixMessage
FN:35,createGpsFixHandler
FNF:2
FNH:2
FNDA:13,parseGpsFixMessage
FNDA:6,createGpsFixHandler
DA:17,1
DA:18,13
DA:19,13
DA:20,13
DA:21,6
DA:22,13
DA:23,4
DA:24,11
DA:25,4
DA:26,11
DA:27,3
DA:28,3
DA:29,13
DA:35,1
DA:36,6
DA:37,6
DA:38,6
DA:39,6
DA:40,5
DA:41,6
DA:42,6
DA:43,6
LF:22
LH:22
BRDA:17,0,0,13
BRDA:20,1,0,7
BRDA:20,2,0,11
BRDA:20,3,0,4
BRDA:20,4,0,6
BRDA:22,5,0,5
BRDA:22,6,0,2
BRDA:22,7,0,11
BRDA:22,8,0,4
BRDA:24,9,0,2
BRDA:24,10,0,4
BRDA:26,11,0,3
BRDA:35,12,0,6
BRDA:38,13,0,6
BRDA:39,14,0,1
BRDA:39,15,0,5
BRDA:41,16,0,2
BRF:17
BRH:17
end_of_record
TN:
SF:src\pages\Dashboard.test.tsx
FNF:0
FNH:0
DA:1,1
DA:15,1
DA:16,1
DA:17,9
DA:18,1
DA:20,1
DA:21,1
DA:22,1
DA:23,1
DA:25,1
DA:26,1
DA:27,1
DA:28,1
DA:30,1
DA:31,1
DA:32,1
DA:33,1
DA:35,1
DA:36,1
DA:37,1
DA:38,1
DA:39,1
DA:40,1
DA:42,1
DA:43,1
DA:44,1
DA:45,1
DA:46,1
DA:48,1
DA:49,1
DA:50,1
DA:51,1
DA:52,1
DA:53,1
DA:55,1
DA:56,1
DA:57,1
DA:58,1
DA:60,1
DA:61,1
DA:62,1
DA:63,1
DA:64,1
DA:66,1
DA:69,1
DA:70,1
DA:71,1
DA:73,1
DA:74,1
DA:75,1
DA:76,1
DA:77,1
LF:52
LH:52
BRDA:15,0,0,1
BRDA:16,1,0,9
BRDA:20,2,0,1
BRDA:25,3,0,1
BRDA:30,4,0,1
BRDA:35,5,0,1
BRDA:42,6,0,1
BRDA:48,7,0,1
BRDA:55,8,0,1
BRDA:60,9,0,1
BRDA:73,10,0,1
BRF:11
BRH:11
end_of_record
TN:
SF:src\pages\Dashboard.tsx
FN:16,Dashboard
FN:46,simulateGpsUpdate
FNF:2
FNH:2
FNDA:13,Dashboard
FNDA:1,simulateGpsUpdate
DA:1,1
DA:8,1
DA:9,1
DA:10,1
DA:11,1
DA:12,1
DA:13,1
DA:14,1
DA:16,1
DA:17,13
DA:46,13
DA:47,1
DA:48,1
DA:49,1
DA:50,1
DA:51,1
DA:52,1
DA:53,1
DA:54,1
DA:55,0
DA:56,1
DA:57,1
DA:59,13
DA:60,13
DA:61,13
DA:62,13
DA:63,13
DA:65,13
DA:66,13
DA:67,13
DA:68,13
DA:69,13
DA:70,13
DA:72,13
DA:73,13
DA:74,13
DA:75,13
DA:76,13
DA:78,13
DA:79,13
DA:80,13
DA:81,13
DA:82,13
DA:83,13
DA:84,13
DA:85,13
DA:86,13
DA:87,13
DA:88,13
DA:89,13
DA:91,13
DA:92,13
DA:93,13
DA:94,13
DA:96,13
LF:55
LH:54
BRDA:16,0,0,13
BRDA:46,1,0,1
BRDA:47,2,0,1
BRDA:54,3,0,0
BRF:4
BRH:3
end_of_record
